<?xml version="1.0" encoding="UTF-8"?>
<testsuite name="com.marcus.designsystem.ExampleUnitTest" tests="1" skipped="0" failures="0" errors="0" timestamp="2023-07-23T14:58:30" hostname="MacBook-Pro-de-Marcus.local" time="0.004">
  <properties/>
  <testcase name="addition_isCorrect" classname="com.marcus.designsystem.ExampleUnitTest" time="0.004"/>
  <system-out><![CDATA[]]></system-out>
  <system-err><![CDATA[]]></system-err>
</testsuite>
