<?xml version="1.0" encoding="UTF-8"?>
<testsuite name="com.marcus.product.domain.usecase.CalculateFinalPriceUseCaseTest" tests="3" skipped="0" failures="0" errors="0" timestamp="2023-07-23T15:49:13" hostname="MacBook-Pro-de-Marcus.local" time="0.021">
  <properties/>
  <testcase name="GIVEN a VOUCHER with 2 items THEN should return price with discount equals a 5" classname="com.marcus.product.domain.usecase.CalculateFinalPriceUseCaseTest" time="0.011"/>
  <testcase name="GIVEN a T-SHIRT with 3 items THEN should return price with discount equals a 57" classname="com.marcus.product.domain.usecase.CalculateFinalPriceUseCaseTest" time="0.005"/>
  <testcase name="GIVEN a VOUCHER with 3 items THEN should return price with discount equals a 10" classname="com.marcus.product.domain.usecase.CalculateFinalPriceUseCaseTest" time="0.004"/>
  <system-out><![CDATA[]]></system-out>
  <system-err><![CDATA[]]></system-err>
</testsuite>
