<?xml version="1.0" encoding="UTF-8"?>
<testsuite name="com.marcus.product.domain.usecase.CalculateTotalListPriceWithDiscountUseCaseTest" tests="1" skipped="0" failures="0" errors="0" timestamp="2023-07-23T15:49:13" hostname="MacBook-Pro-de-Marcus.local" time="0.005">
  <properties/>
  <testcase name="GIVEN a list of product should return the total price with discount" classname="com.marcus.product.domain.usecase.CalculateTotalListPriceWithDiscountUseCaseTest" time="0.005"/>
  <system-out><![CDATA[]]></system-out>
  <system-err><![CDATA[]]></system-err>
</testsuite>
