<?xml version="1.0" encoding="UTF-8"?>
<testsuite name="com.marcus.product.domain.usecase.CalculateTotalListPriceUseCaseTest" tests="1" skipped="0" failures="0" errors="0" timestamp="2023-07-23T15:49:13" hostname="MacBook-Pro-de-Marcus.local" time="0.009">
  <properties/>
  <testcase name="GIVEN a list of product should return the total price with no discount" classname="com.marcus.product.domain.usecase.CalculateTotalListPriceUseCaseTest" time="0.009"/>
  <system-out><![CDATA[]]></system-out>
  <system-err><![CDATA[]]></system-err>
</testsuite>
