<?xml version="1.0" encoding="UTF-8"?>
<testsuite name="com.marcus.product.domain.usecase.GetProductUseCaseTest" tests="1" skipped="0" failures="0" errors="0" timestamp="2023-07-23T15:49:13" hostname="MacBook-Pro-de-Marcus.local" time="0.702">
  <properties/>
  <testcase name="should return a list of products with 3 items" classname="com.marcus.product.domain.usecase.GetProductUseCaseTest" time="0.702"/>
  <system-out><![CDATA[]]></system-out>
  <system-err><![CDATA[]]></system-err>
</testsuite>
