<?xml version="1.0" encoding="UTF-8"?>
<testsuite name="com.marcus.product.view.ProductViewModelTest" tests="4" skipped="0" failures="0" errors="0" timestamp="2023-07-23T15:49:14" hostname="MacBook-Pro-de-Marcus.local" time="0.318">
  <properties/>
  <testcase name="WHEN changing the quantity CalculateTotalListPriceUseCase should be call to get the final price with no discount" classname="com.marcus.product.view.ProductViewModelTest" time="0.273"/>
  <testcase name="WHEN changing the quantity CalculateTotalListPriceWithDiscountUseCase should be call to get the final price with discount" classname="com.marcus.product.view.ProductViewModelTest" time="0.01"/>
  <testcase name="WHEN changing the quantity CalculateFinalPriceUseCase should be call to get product price" classname="com.marcus.product.view.ProductViewModelTest" time="0.021"/>
  <testcase name="WHEN initialize viewModel should call getProductUseCase one time" classname="com.marcus.product.view.ProductViewModelTest" time="0.013"/>
  <system-out><![CDATA[]]></system-out>
  <system-err><![CDATA[]]></system-err>
</testsuite>
