<?xml version="1.0" encoding="UTF-8"?>
<testsuite name="com.marcus.product.ExampleUnitTest" tests="1" skipped="0" failures="0" errors="0" timestamp="2023-07-23T15:49:09" hostname="MacBook-Pro-de-Marcus.local" time="0.005">
  <properties/>
  <testcase name="addition_isCorrect" classname="com.marcus.product.ExampleUnitTest" time="0.005"/>
  <system-out><![CDATA[]]></system-out>
  <system-err><![CDATA[]]></system-err>
</testsuite>
